<?xml version="1.0" encoding="UTF-8"?>
<!DOCTYPE html PUBLIC "-//W3C//DTD XHTML 1.0 Strict//EN" "http://www.w3.org/TR/xhtml1/DTD/xhtml1-strict.dtd">
<html xmlns="http://www.w3.org/1999/xhtml">
<head>
    <title>aws-security-test - Report</title>
    <meta name="generator" content="HTMLTestRunner 0.8.2"/>
    <meta http-equiv="Content-Type" content="text/html; charset=UTF-8"/>
    
<style type="text/css" media="screen">
body        { font-family: verdana, arial, helvetica, sans-serif; font-size: 80%; }
table       { font-size: 100%; }
pre         { }

/* -- heading ---------------------------------------------------------------------- */
h1 {
	font-size: 16pt;
	color: gray;
}
.heading {
    margin-top: 0ex;
    margin-bottom: 1ex;
}

.heading .attribute {
    margin-top: 1ex;
    margin-bottom: 0;
}

.heading .description {
    margin-top: 4ex;
    margin-bottom: 6ex;
}

/* -- css div popup ------------------------------------------------------------------------ */
a.popup_link {
}

a.popup_link:hover {
    color: red;
}

.popup_window {
    display: none;
    position: relative;
    left: 0px;
    top: 0px;
    /*border: solid #627173 1px; */
    padding: 10px;
    background-color: #E6E6D6;
    font-family: "Lucida Console", "Courier New", Courier, monospace;
    text-align: left;
    font-size: 8pt;
    width: 500px;
}

}
/* -- report ------------------------------------------------------------------------ */
#show_detail_line {
    margin-top: 3ex;
    margin-bottom: 1ex;
}
#result_table {
    width: 80%;
    border-collapse: collapse;
    border: 1px solid #777;
}
#header_row {
    font-weight: bold;
    color: white;
    background-color: #777;
}
#result_table td {
    border: 1px solid #777;
    padding: 2px;
}
#total_row  { font-weight: bold; }
.passClass  { background-color: #6c6; }
.failClass  { background-color: #c60; }
.errorClass { background-color: #c00; }
.passCase   { color: #6c6; }
.failCase   { color: #c60; font-weight: bold; }
.errorCase  { color: #c00; font-weight: bold; }
.hiddenRow  { display: none; }
.testcase   { margin-left: 2em; }


/* -- ending ---------------------------------------------------------------------- */
#ending {
}

</style>

</head>
<body>
<script language="javascript" type="text/javascript"><!--
output_list = Array();

/* level - 0:Summary; 1:Failed; 2:All */
function showCase(level) {
    trs = document.getElementsByTagName("tr");
    for (var i = 0; i < trs.length; i++) {
        tr = trs[i];
        id = tr.id;
        if (id.substr(0,2) == 'ft') {
            if (level < 1) {
                tr.className = 'hiddenRow';
            }
            else {
                tr.className = '';
            }
        }
        if (id.substr(0,2) == 'pt') {
            if (level > 1) {
                tr.className = '';
            }
            else {
                tr.className = 'hiddenRow';
            }
        }
    }
}


function showClassDetail(cid, count) {
    var id_list = Array(count);
    var toHide = 1;
    for (var i = 0; i < count; i++) {
        tid0 = 't' + cid.substr(1) + '.' + (i+1);
        tid = 'f' + tid0;
        tr = document.getElementById(tid);
        if (!tr) {
            tid = 'p' + tid0;
            tr = document.getElementById(tid);
        }
        id_list[i] = tid;
        if (tr.className) {
            toHide = 0;
        }
    }
    for (var i = 0; i < count; i++) {
        tid = id_list[i];
        if (toHide) {
            document.getElementById('div_'+tid).style.display = 'none'
            document.getElementById(tid).className = 'hiddenRow';
        }
        else {
            document.getElementById(tid).className = '';
        }
    }
}


function showTestDetail(div_id){
    var details_div = document.getElementById(div_id)
    var displayState = details_div.style.display
    // alert(displayState)
    if (displayState != 'block' ) {
        displayState = 'block'
        details_div.style.display = 'block'
    }
    else {
        details_div.style.display = 'none'
    }
}


function html_escape(s) {
    s = s.replace(/&/g,'&amp;');
    s = s.replace(/</g,'&lt;');
    s = s.replace(/>/g,'&gt;');
    return s;
}

/* obsoleted by detail in <div>
function showOutput(id, name) {
    var w = window.open("", //url
                    name,
                    "resizable,scrollbars,status,width=800,height=450");
    d = w.document;
    d.write("<pre>");
    d.write(html_escape(output_list[id]));
    d.write("\n");
    d.write("<a href='javascript:window.close()'>close</a>\n");
    d.write("</pre>\n");
    d.close();
}
*/
--></script>

<div class='heading'>
<h1>aws-security-test - Report</h1>
<p class='attribute'><strong>Start Time:</strong> 2017-10-05 19:14:15</p>
<p class='attribute'><strong>Duration:</strong> 0:00:22.003992</p>
<p class='attribute'><strong>Status:</strong> Pass 12 Failure 19 Error 7</p>

<p class='description'></p>
</div>



<p id='show_detail_line'>Show
<a href='javascript:showCase(0)'>Summary</a>
<a href='javascript:showCase(1)'>Failed</a>
<a href='javascript:showCase(2)'>All</a>
</p>
<table id='result_table'>
<colgroup>
<col align='left' />
<col align='right' />
<col align='right' />
<col align='right' />
<col align='right' />
<col align='right' />
</colgroup>
<tr id='header_row'>
    <td>Test Group/Test case</td>
    <td>Count</td>
    <td>Pass</td>
    <td>Fail</td>
    <td>Error</td>
    <td>View</td>
</tr>

<tr class='errorClass'>
    <td>tests.iam.IamAudit.IamAudit</td>
    <td>13</td>
    <td>4</td>
    <td>2</td>
    <td>7</td>
    <td><a href="javascript:showClassDetail('c1',13)">Detail</a></td>
</tr>

<tr id='ft1.1' class='none'>
    <td class='errorCase'><div class='testcase'>testPasswordPolicyRequiresUpperCaseLetters</div></td>
    <td colspan='5' align='center'>

    <!--css div popup start-->
    <a class="popup_link" onfocus='this.blur();' href="javascript:showTestDetail('div_ft1.1')" >
        error</a>

    <div id='div_ft1.1' class="popup_window">
        <div style='text-align: right; color:red;cursor:pointer'>
        <a onfocus='this.blur();' onclick="document.getElementById('div_ft1.1').style.display = 'none' " >
           [x]</a>
        </div>
        <pre>
        
ft1.1: Traceback (most recent call last):
  File "/Users/chennasbrain/aws-security-test/tests/iam/IamAudit.py", line 36, in testPasswordPolicyRequiresUpperCaseLetters
    self.assertTrue(self._getPasswordPolicyField('RequireUppercaseCharacters'), "Password policy does not mandate upper case characters in password.")
  File "/Users/chennasbrain/aws-security-test/tests/iam/IamAudit.py", line 75, in _getPasswordPolicyField
    passwordPolicy = IAM().getPasswordPolicy()
  File "/Users/chennasbrain/aws-security-test/aws/api/IAM.py", line 14, in getPasswordPolicy
    return self.iam.get_account_password_policy()
  File "/Library/Python/2.7/site-packages/botocore-1.7.24-py2.7.egg/botocore/client.py", line 312, in _api_call
    return self._make_api_call(operation_name, kwargs)
  File "/Library/Python/2.7/site-packages/botocore-1.7.24-py2.7.egg/botocore/client.py", line 601, in _make_api_call
    raise error_class(parsed_response, operation_name)
NoSuchEntityException: An error occurred (NoSuchEntity) when calling the GetAccountPasswordPolicy operation: The Password Policy with domain name 624704405165 cannot be found.


        </pre>
    </div>
    <!--css div popup end-->

    </td>
</tr>

<tr id='pt1.2' class='hiddenRow'>
    <td class='none'><div class='testcase'>testAccessKeysAreRotated</div></td>
    <td colspan='5' align='center'>pass</td>
</tr>

<tr id='ft1.3' class='none'>
    <td class='errorCase'><div class='testcase'>testPasswordPolicyRequiresMinimumLength</div></td>
    <td colspan='5' align='center'>

    <!--css div popup start-->
    <a class="popup_link" onfocus='this.blur();' href="javascript:showTestDetail('div_ft1.3')" >
        error</a>

    <div id='div_ft1.3' class="popup_window">
        <div style='text-align: right; color:red;cursor:pointer'>
        <a onfocus='this.blur();' onclick="document.getElementById('div_ft1.3').style.display = 'none' " >
           [x]</a>
        </div>
        <pre>
        
ft1.3: Traceback (most recent call last):
  File "/Users/chennasbrain/aws-security-test/tests/iam/IamAudit.py", line 49, in testPasswordPolicyRequiresMinimumLength
    self.assertGreaterEqual(self._getPasswordPolicyField('MinimumPasswordLength'), requirePasswordLength, "Password policy does not mandate required minimum length of password.")
  File "/Users/chennasbrain/aws-security-test/tests/iam/IamAudit.py", line 75, in _getPasswordPolicyField
    passwordPolicy = IAM().getPasswordPolicy()
  File "/Users/chennasbrain/aws-security-test/aws/api/IAM.py", line 14, in getPasswordPolicy
    return self.iam.get_account_password_policy()
  File "/Library/Python/2.7/site-packages/botocore-1.7.24-py2.7.egg/botocore/client.py", line 312, in _api_call
    return self._make_api_call(operation_name, kwargs)
  File "/Library/Python/2.7/site-packages/botocore-1.7.24-py2.7.egg/botocore/client.py", line 601, in _make_api_call
    raise error_class(parsed_response, operation_name)
NoSuchEntityException: An error occurred (NoSuchEntity) when calling the GetAccountPasswordPolicy operation: The Password Policy with domain name 624704405165 cannot be found.


        </pre>
    </div>
    <!--css div popup end-->

    </td>
</tr>

<tr id='ft1.4' class='none'>
    <td class='errorCase'><div class='testcase'>testPasswordPolicyRequiresSymbols</div></td>
    <td colspan='5' align='center'>

    <!--css div popup start-->
    <a class="popup_link" onfocus='this.blur();' href="javascript:showTestDetail('div_ft1.4')" >
        error</a>

    <div id='div_ft1.4' class="popup_window">
        <div style='text-align: right; color:red;cursor:pointer'>
        <a onfocus='this.blur();' onclick="document.getElementById('div_ft1.4').style.display = 'none' " >
           [x]</a>
        </div>
        <pre>
        
ft1.4: Traceback (most recent call last):
  File "/Users/chennasbrain/aws-security-test/tests/iam/IamAudit.py", line 42, in testPasswordPolicyRequiresSymbols
    self.assertTrue(self._getPasswordPolicyField('RequireSymbols'), "Password policy does not mandate symbols in password.")
  File "/Users/chennasbrain/aws-security-test/tests/iam/IamAudit.py", line 75, in _getPasswordPolicyField
    passwordPolicy = IAM().getPasswordPolicy()
  File "/Users/chennasbrain/aws-security-test/aws/api/IAM.py", line 14, in getPasswordPolicy
    return self.iam.get_account_password_policy()
  File "/Library/Python/2.7/site-packages/botocore-1.7.24-py2.7.egg/botocore/client.py", line 312, in _api_call
    return self._make_api_call(operation_name, kwargs)
  File "/Library/Python/2.7/site-packages/botocore-1.7.24-py2.7.egg/botocore/client.py", line 601, in _make_api_call
    raise error_class(parsed_response, operation_name)
NoSuchEntityException: An error occurred (NoSuchEntity) when calling the GetAccountPasswordPolicy operation: The Password Policy with domain name 624704405165 cannot be found.


        </pre>
    </div>
    <!--css div popup end-->

    </td>
</tr>

<tr id='ft1.5' class='none'>
    <td class='failCase'><div class='testcase'>testMfaEnabledForConsoleUsers</div></td>
    <td colspan='5' align='center'>

    <!--css div popup start-->
    <a class="popup_link" onfocus='this.blur();' href="javascript:showTestDetail('div_ft1.5')" >
        fail</a>

    <div id='div_ft1.5' class="popup_window">
        <div style='text-align: right; color:red;cursor:pointer'>
        <a onfocus='this.blur();' onclick="document.getElementById('div_ft1.5').style.display = 'none' " >
           [x]</a>
        </div>
        <pre>
        
ft1.5: Traceback (most recent call last):
  File "/Users/chennasbrain/aws-security-test/tests/iam/IamAudit.py", line 17, in testMfaEnabledForConsoleUsers
    self.assertEqual([], iamUsersWithoutMfa, "User(s) with console passwords without MFA: %s." % self._users(iamUsersWithoutMfa))
AssertionError: User(s) with console passwords without MFA: &lt;root_account&gt;,chenna.


        </pre>
    </div>
    <!--css div popup end-->

    </td>
</tr>

<tr id='pt1.6' class='hiddenRow'>
    <td class='none'><div class='testcase'>testUnusedCredentialsAreDeactivated</div></td>
    <td colspan='5' align='center'>pass</td>
</tr>

<tr id='ft1.7' class='none'>
    <td class='failCase'><div class='testcase'>testPoliciesAreNotAttachedToUsers</div></td>
    <td colspan='5' align='center'>

    <!--css div popup start-->
    <a class="popup_link" onfocus='this.blur();' href="javascript:showTestDetail('div_ft1.7')" >
        fail</a>

    <div id='div_ft1.7' class="popup_window">
        <div style='text-align: right; color:red;cursor:pointer'>
        <a onfocus='this.blur();' onclick="document.getElementById('div_ft1.7').style.display = 'none' " >
           [x]</a>
        </div>
        <pre>
        
ft1.7: Traceback (most recent call last):
  File "/Users/chennasbrain/aws-security-test/tests/iam/IamAudit.py", line 72, in testPoliciesAreNotAttachedToUsers
    self.assertEqual([], usersWithAttachedPolicies, "User(s) with policies attached to them: %s." % self._users(usersWithAttachedPolicies))
AssertionError: User(s) with policies attached to them: chenna.


        </pre>
    </div>
    <!--css div popup end-->

    </td>
</tr>

<tr id='ft1.8' class='none'>
    <td class='errorCase'><div class='testcase'>testPasswordPolicyEnsuresPasswordExpiry</div></td>
    <td colspan='5' align='center'>

    <!--css div popup start-->
    <a class="popup_link" onfocus='this.blur();' href="javascript:showTestDetail('div_ft1.8')" >
        error</a>

    <div id='div_ft1.8' class="popup_window">
        <div style='text-align: right; color:red;cursor:pointer'>
        <a onfocus='this.blur();' onclick="document.getElementById('div_ft1.8').style.display = 'none' " >
           [x]</a>
        </div>
        <pre>
        
ft1.8: Traceback (most recent call last):
  File "/Users/chennasbrain/aws-security-test/tests/iam/IamAudit.py", line 57, in testPasswordPolicyEnsuresPasswordExpiry
    self.assertLessEqual(self._getPasswordPolicyField('MaxPasswordAge', 1000) , requiredPasswordExpirationPeriod, "Password policy does not mandate minimum password expiry time.")
  File "/Users/chennasbrain/aws-security-test/tests/iam/IamAudit.py", line 75, in _getPasswordPolicyField
    passwordPolicy = IAM().getPasswordPolicy()
  File "/Users/chennasbrain/aws-security-test/aws/api/IAM.py", line 14, in getPasswordPolicy
    return self.iam.get_account_password_policy()
  File "/Library/Python/2.7/site-packages/botocore-1.7.24-py2.7.egg/botocore/client.py", line 312, in _api_call
    return self._make_api_call(operation_name, kwargs)
  File "/Library/Python/2.7/site-packages/botocore-1.7.24-py2.7.egg/botocore/client.py", line 601, in _make_api_call
    raise error_class(parsed_response, operation_name)
NoSuchEntityException: An error occurred (NoSuchEntity) when calling the GetAccountPasswordPolicy operation: The Password Policy with domain name 624704405165 cannot be found.


        </pre>
    </div>
    <!--css div popup end-->

    </td>
</tr>

<tr id='ft1.9' class='none'>
    <td class='errorCase'><div class='testcase'>testPasswordPolicyPreventsPasswordReuse</div></td>
    <td colspan='5' align='center'>

    <!--css div popup start-->
    <a class="popup_link" onfocus='this.blur();' href="javascript:showTestDetail('div_ft1.9')" >
        error</a>

    <div id='div_ft1.9' class="popup_window">
        <div style='text-align: right; color:red;cursor:pointer'>
        <a onfocus='this.blur();' onclick="document.getElementById('div_ft1.9').style.display = 'none' " >
           [x]</a>
        </div>
        <pre>
        
ft1.9: Traceback (most recent call last):
  File "/Users/chennasbrain/aws-security-test/tests/iam/IamAudit.py", line 53, in testPasswordPolicyPreventsPasswordReuse
    self.assertGreaterEqual(self._getPasswordPolicyField('PasswordReusePrevention', 0), requiredPasswordsToRemember, "Password policy does not mandate minimum password re-use prevention.")
  File "/Users/chennasbrain/aws-security-test/tests/iam/IamAudit.py", line 75, in _getPasswordPolicyField
    passwordPolicy = IAM().getPasswordPolicy()
  File "/Users/chennasbrain/aws-security-test/aws/api/IAM.py", line 14, in getPasswordPolicy
    return self.iam.get_account_password_policy()
  File "/Library/Python/2.7/site-packages/botocore-1.7.24-py2.7.egg/botocore/client.py", line 312, in _api_call
    return self._make_api_call(operation_name, kwargs)
  File "/Library/Python/2.7/site-packages/botocore-1.7.24-py2.7.egg/botocore/client.py", line 601, in _make_api_call
    raise error_class(parsed_response, operation_name)
NoSuchEntityException: An error occurred (NoSuchEntity) when calling the GetAccountPasswordPolicy operation: The Password Policy with domain name 624704405165 cannot be found.


        </pre>
    </div>
    <!--css div popup end-->

    </td>
</tr>

<tr id='ft1.10' class='none'>
    <td class='errorCase'><div class='testcase'>testPasswordPolicyRequiresNumbers</div></td>
    <td colspan='5' align='center'>

    <!--css div popup start-->
    <a class="popup_link" onfocus='this.blur();' href="javascript:showTestDetail('div_ft1.10')" >
        error</a>

    <div id='div_ft1.10' class="popup_window">
        <div style='text-align: right; color:red;cursor:pointer'>
        <a onfocus='this.blur();' onclick="document.getElementById('div_ft1.10').style.display = 'none' " >
           [x]</a>
        </div>
        <pre>
        
ft1.10: Traceback (most recent call last):
  File "/Users/chennasbrain/aws-security-test/tests/iam/IamAudit.py", line 45, in testPasswordPolicyRequiresNumbers
    self.assertTrue(self._getPasswordPolicyField('RequireNumbers'), "Password policy does not mandate numbers in password.")
  File "/Users/chennasbrain/aws-security-test/tests/iam/IamAudit.py", line 75, in _getPasswordPolicyField
    passwordPolicy = IAM().getPasswordPolicy()
  File "/Users/chennasbrain/aws-security-test/aws/api/IAM.py", line 14, in getPasswordPolicy
    return self.iam.get_account_password_policy()
  File "/Library/Python/2.7/site-packages/botocore-1.7.24-py2.7.egg/botocore/client.py", line 312, in _api_call
    return self._make_api_call(operation_name, kwargs)
  File "/Library/Python/2.7/site-packages/botocore-1.7.24-py2.7.egg/botocore/client.py", line 601, in _make_api_call
    raise error_class(parsed_response, operation_name)
NoSuchEntityException: An error occurred (NoSuchEntity) when calling the GetAccountPasswordPolicy operation: The Password Policy with domain name 624704405165 cannot be found.


        </pre>
    </div>
    <!--css div popup end-->

    </td>
</tr>

<tr id='pt1.11' class='hiddenRow'>
    <td class='none'><div class='testcase'>testRootAccountLoginIsAvoided</div></td>
    <td colspan='5' align='center'>pass</td>
</tr>

<tr id='pt1.12' class='hiddenRow'>
    <td class='none'><div class='testcase'>testRootAccountHasNoActiveAccessKeys</div></td>
    <td colspan='5' align='center'>pass</td>
</tr>

<tr id='ft1.13' class='none'>
    <td class='errorCase'><div class='testcase'>testPasswordPolicyRequiresLowerCaseLetters</div></td>
    <td colspan='5' align='center'>

    <!--css div popup start-->
    <a class="popup_link" onfocus='this.blur();' href="javascript:showTestDetail('div_ft1.13')" >
        error</a>

    <div id='div_ft1.13' class="popup_window">
        <div style='text-align: right; color:red;cursor:pointer'>
        <a onfocus='this.blur();' onclick="document.getElementById('div_ft1.13').style.display = 'none' " >
           [x]</a>
        </div>
        <pre>
        
ft1.13: Traceback (most recent call last):
  File "/Users/chennasbrain/aws-security-test/tests/iam/IamAudit.py", line 39, in testPasswordPolicyRequiresLowerCaseLetters
    self.assertTrue(self._getPasswordPolicyField('RequireLowercaseCharacters'), "Password policy does not mandate lower case characters in password.")
  File "/Users/chennasbrain/aws-security-test/tests/iam/IamAudit.py", line 75, in _getPasswordPolicyField
    passwordPolicy = IAM().getPasswordPolicy()
  File "/Users/chennasbrain/aws-security-test/aws/api/IAM.py", line 14, in getPasswordPolicy
    return self.iam.get_account_password_policy()
  File "/Library/Python/2.7/site-packages/botocore-1.7.24-py2.7.egg/botocore/client.py", line 312, in _api_call
    return self._make_api_call(operation_name, kwargs)
  File "/Library/Python/2.7/site-packages/botocore-1.7.24-py2.7.egg/botocore/client.py", line 601, in _make_api_call
    raise error_class(parsed_response, operation_name)
NoSuchEntityException: An error occurred (NoSuchEntity) when calling the GetAccountPasswordPolicy operation: The Password Policy with domain name 624704405165 cannot be found.


        </pre>
    </div>
    <!--css div popup end-->

    </td>
</tr>

<tr class='failClass'>
    <td>tests.networking.NetworkingAudit.NetworkingAudit</td>
    <td>5</td>
    <td>2</td>
    <td>3</td>
    <td>0</td>
    <td><a href="javascript:showClassDetail('c2',5)">Detail</a></td>
</tr>

<tr id='ft2.1' class='none'>
    <td class='failCase'><div class='testcase'>testSshNotOpenFromInternet</div></td>
    <td colspan='5' align='center'>

    <!--css div popup start-->
    <a class="popup_link" onfocus='this.blur();' href="javascript:showTestDetail('div_ft2.1')" >
        fail</a>

    <div id='div_ft2.1' class="popup_window">
        <div style='text-align: right; color:red;cursor:pointer'>
        <a onfocus='this.blur();' onclick="document.getElementById('div_ft2.1').style.display = 'none' " >
           [x]</a>
        </div>
        <pre>
        
ft2.1: Traceback (most recent call last):
  File "/Users/chennasbrain/aws-security-test/tests/networking/NetworkingAudit.py", line 9, in testSshNotOpenFromInternet
    self.assertEqual([], sshOpenSecurityGroups, "Security group(s) with SSH allowed from Internet[vpcId:groupId]: %s." % self._vpcIdsGroupIds(sshOpenSecurityGroups))
AssertionError: Security group(s) with SSH allowed from Internet[vpcId:groupId]: vpc-b46e16cd:sg-6c20c91c,vpc-b46e16cd:sg-7f9a790f,vpc-b46e16cd:sg-b8f517c8,vpc-b46e16cd:sg-d9bd74a9.


        </pre>
    </div>
    <!--css div popup end-->

    </td>
</tr>

<tr id='pt2.2' class='hiddenRow'>
    <td class='none'><div class='testcase'>testRdpNotOpenFromInternet</div></td>
    <td colspan='5' align='center'>pass</td>
</tr>

<tr id='pt2.3' class='hiddenRow'>
    <td class='none'><div class='testcase'>testPortsOpenFromTheInternet</div></td>
    <td colspan='5' align='center'>pass</td>
</tr>

<tr id='ft2.4' class='none'>
    <td class='failCase'><div class='testcase'>testDefaultSecurityGroupsNotOpenFromInternet</div></td>
    <td colspan='5' align='center'>

    <!--css div popup start-->
    <a class="popup_link" onfocus='this.blur();' href="javascript:showTestDetail('div_ft2.4')" >
        fail</a>

    <div id='div_ft2.4' class="popup_window">
        <div style='text-align: right; color:red;cursor:pointer'>
        <a onfocus='this.blur();' onclick="document.getElementById('div_ft2.4').style.display = 'none' " >
           [x]</a>
        </div>
        <pre>
        
ft2.4: Traceback (most recent call last):
  File "/Users/chennasbrain/aws-security-test/tests/networking/NetworkingAudit.py", line 24, in testDefaultSecurityGroupsNotOpenFromInternet
    self.assertEqual([], defaultSecurityGroupsOpenFromInternet, "Default Security group(s) with access allowed from Internet[vpcId:groupId]: %s." % self._vpcIdsGroupIds(defaultSecurityGroupsOpenFromInternet))
AssertionError: Default Security group(s) with access allowed from Internet[vpcId:groupId]: vpc-b46e16cd:sg-7f9a790f.


        </pre>
    </div>
    <!--css div popup end-->

    </td>
</tr>

<tr id='ft2.5' class='none'>
    <td class='failCase'><div class='testcase'>testMainRouteTableIsPrivate</div></td>
    <td colspan='5' align='center'>

    <!--css div popup start-->
    <a class="popup_link" onfocus='this.blur();' href="javascript:showTestDetail('div_ft2.5')" >
        fail</a>

    <div id='div_ft2.5' class="popup_window">
        <div style='text-align: right; color:red;cursor:pointer'>
        <a onfocus='this.blur();' onclick="document.getElementById('div_ft2.5').style.display = 'none' " >
           [x]</a>
        </div>
        <pre>
        
ft2.5: Traceback (most recent call last):
  File "/Users/chennasbrain/aws-security-test/tests/networking/NetworkingAudit.py", line 31, in testMainRouteTableIsPrivate
    self.assertEqual([], nonPrivateMainRouteTables, "Main Route table(s) with routes other than default local route: %s" % self._vpcIdsRtbIds(nonPrivateMainRouteTables))
AssertionError: Main Route table(s) with routes other than default local route: vpc-b46e16cd:rtb-97b5a1ef


        </pre>
    </div>
    <!--css div popup end-->

    </td>
</tr>

<tr class='failClass'>
    <td>tests.log.LoggingAudit.LoggingAudit</td>
    <td>7</td>
    <td>5</td>
    <td>2</td>
    <td>0</td>
    <td><a href="javascript:showClassDetail('c3',7)">Detail</a></td>
</tr>

<tr id='pt3.1' class='hiddenRow'>
    <td class='none'><div class='testcase'>testCloudTrailLogsS3BucketHasAccessLoggingEnabled</div></td>
    <td colspan='5' align='center'>pass</td>
</tr>

<tr id='pt3.2' class='hiddenRow'>
    <td class='none'><div class='testcase'>testCloudTrialsLogsAreIntegratedWithCloudWatch</div></td>
    <td colspan='5' align='center'>pass</td>
</tr>

<tr id='pt3.3' class='hiddenRow'>
    <td class='none'><div class='testcase'>testCloudTrailValidationIsEnabled</div></td>
    <td colspan='5' align='center'>pass</td>
</tr>

<tr id='ft3.4' class='none'>
    <td class='failCase'><div class='testcase'>testCloudtrailEnabledForAllRegions</div></td>
    <td colspan='5' align='center'>

    <!--css div popup start-->
    <a class="popup_link" onfocus='this.blur();' href="javascript:showTestDetail('div_ft3.4')" >
        fail</a>

    <div id='div_ft3.4' class="popup_window">
        <div style='text-align: right; color:red;cursor:pointer'>
        <a onfocus='this.blur();' onclick="document.getElementById('div_ft3.4').style.display = 'none' " >
           [x]</a>
        </div>
        <pre>
        
ft3.4: Traceback (most recent call last):
  File "/Users/chennasbrain/aws-security-test/tests/log/LoggingAudit.py", line 16, in testCloudtrailEnabledForAllRegions
    self.assertEqual(trailEnabledForAllRegions, True, "No multi-region trail defined.")
AssertionError: No multi-region trail defined.


        </pre>
    </div>
    <!--css div popup end-->

    </td>
</tr>

<tr id='pt3.5' class='hiddenRow'>
    <td class='none'><div class='testcase'>testCloudTrailLogsAreEncrypted</div></td>
    <td colspan='5' align='center'>pass</td>
</tr>

<tr id='pt3.6' class='hiddenRow'>
    <td class='none'><div class='testcase'>testCloudTrailLogsS3BucketIsNotPublic</div></td>
    <td colspan='5' align='center'>pass</td>
</tr>

<tr id='ft3.7' class='none'>
    <td class='failCase'><div class='testcase'>testCustomerCreatedCMKKeysAreRotationEnabled</div></td>
    <td colspan='5' align='center'>

    <!--css div popup start-->
    <a class="popup_link" onfocus='this.blur();' href="javascript:showTestDetail('div_ft3.7')" >
        fail</a>

    <div id='div_ft3.7' class="popup_window">
        <div style='text-align: right; color:red;cursor:pointer'>
        <a onfocus='this.blur();' onclick="document.getElementById('div_ft3.7').style.display = 'none' " >
           [x]</a>
        </div>
        <pre>
        
ft3.7: Traceback (most recent call last):
  File "/Users/chennasbrain/aws-security-test/tests/log/LoggingAudit.py", line 63, in testCustomerCreatedCMKKeysAreRotationEnabled
    self.assertEqual([], keysWithoutRotationEnabled, "CMK key(s) without rotation enabled: %s." % self._getCMKKeyIds(keysWithoutRotationEnabled))
AssertionError: CMK key(s) without rotation enabled: 2e3fa2e0-f3b3-42d1-a74d-67b69dce088b.


        </pre>
    </div>
    <!--css div popup end-->

    </td>
</tr>

<tr class='failClass'>
    <td>tests.monitoring.MonitoringAudit.MonitoringAudit</td>
    <td>13</td>
    <td>1</td>
    <td>12</td>
    <td>0</td>
    <td><a href="javascript:showClassDetail('c4',13)">Detail</a></td>
</tr>

<tr id='ft4.1' class='none'>
    <td class='failCase'><div class='testcase'>testMetricFilterAndAlarmExistForVpcChanges</div></td>
    <td colspan='5' align='center'>

    <!--css div popup start-->
    <a class="popup_link" onfocus='this.blur();' href="javascript:showTestDetail('div_ft4.1')" >
        fail</a>

    <div id='div_ft4.1' class="popup_window">
        <div style='text-align: right; color:red;cursor:pointer'>
        <a onfocus='this.blur();' onclick="document.getElementById('div_ft4.1').style.display = 'none' " >
           [x]</a>
        </div>
        <pre>
        
ft4.1: Traceback (most recent call last):
  File "/Users/chennasbrain/aws-security-test/tests/monitoring/MonitoringAudit.py", line 157, in testMetricFilterAndAlarmExistForVpcChanges
    self.assertNotEqual([], trails, "No trails defined.")
AssertionError: No trails defined.


        </pre>
    </div>
    <!--css div popup end-->

    </td>
</tr>

<tr id='ft4.2' class='none'>
    <td class='failCase'><div class='testcase'>testMetricFilterAndAlarmExistForNetworkAclChanges</div></td>
    <td colspan='5' align='center'>

    <!--css div popup start-->
    <a class="popup_link" onfocus='this.blur();' href="javascript:showTestDetail('div_ft4.2')" >
        fail</a>

    <div id='div_ft4.2' class="popup_window">
        <div style='text-align: right; color:red;cursor:pointer'>
        <a onfocus='this.blur();' onclick="document.getElementById('div_ft4.2').style.display = 'none' " >
           [x]</a>
        </div>
        <pre>
        
ft4.2: Traceback (most recent call last):
  File "/Users/chennasbrain/aws-security-test/tests/monitoring/MonitoringAudit.py", line 118, in testMetricFilterAndAlarmExistForNetworkAclChanges
    self.assertNotEqual([], trails, "No trails defined.")
AssertionError: No trails defined.


        </pre>
    </div>
    <!--css div popup end-->

    </td>
</tr>

<tr id='ft4.3' class='none'>
    <td class='failCase'><div class='testcase'>testMetricFilterAndAlarmExistForRouteTableChanges</div></td>
    <td colspan='5' align='center'>

    <!--css div popup start-->
    <a class="popup_link" onfocus='this.blur();' href="javascript:showTestDetail('div_ft4.3')" >
        fail</a>

    <div id='div_ft4.3' class="popup_window">
        <div style='text-align: right; color:red;cursor:pointer'>
        <a onfocus='this.blur();' onclick="document.getElementById('div_ft4.3').style.display = 'none' " >
           [x]</a>
        </div>
        <pre>
        
ft4.3: Traceback (most recent call last):
  File "/Users/chennasbrain/aws-security-test/tests/monitoring/MonitoringAudit.py", line 144, in testMetricFilterAndAlarmExistForRouteTableChanges
    self.assertNotEqual([], trails, "No trails defined.")
AssertionError: No trails defined.


        </pre>
    </div>
    <!--css div popup end-->

    </td>
</tr>

<tr id='ft4.4' class='none'>
    <td class='failCase'><div class='testcase'>testMetricFilterAndAlarmExistForS3PolicyChanges</div></td>
    <td colspan='5' align='center'>

    <!--css div popup start-->
    <a class="popup_link" onfocus='this.blur();' href="javascript:showTestDetail('div_ft4.4')" >
        fail</a>

    <div id='div_ft4.4' class="popup_window">
        <div style='text-align: right; color:red;cursor:pointer'>
        <a onfocus='this.blur();' onclick="document.getElementById('div_ft4.4').style.display = 'none' " >
           [x]</a>
        </div>
        <pre>
        
ft4.4: Traceback (most recent call last):
  File "/Users/chennasbrain/aws-security-test/tests/monitoring/MonitoringAudit.py", line 92, in testMetricFilterAndAlarmExistForS3PolicyChanges
    self.assertNotEqual([], trails, "No trails defined.")
AssertionError: No trails defined.


        </pre>
    </div>
    <!--css div popup end-->

    </td>
</tr>

<tr id='pt4.5' class='hiddenRow'>
    <td class='none'><div class='testcase'>testSNSTopicsHaveAppropriateSubscribers</div></td>
    <td colspan='5' align='center'>pass</td>
</tr>

<tr id='ft4.6' class='none'>
    <td class='failCase'><div class='testcase'>testMetricFilterAndAlarmExistForSecurityGroupChanges</div></td>
    <td colspan='5' align='center'>

    <!--css div popup start-->
    <a class="popup_link" onfocus='this.blur();' href="javascript:showTestDetail('div_ft4.6')" >
        fail</a>

    <div id='div_ft4.6' class="popup_window">
        <div style='text-align: right; color:red;cursor:pointer'>
        <a onfocus='this.blur();' onclick="document.getElementById('div_ft4.6').style.display = 'none' " >
           [x]</a>
        </div>
        <pre>
        
ft4.6: Traceback (most recent call last):
  File "/Users/chennasbrain/aws-security-test/tests/monitoring/MonitoringAudit.py", line 105, in testMetricFilterAndAlarmExistForSecurityGroupChanges
    self.assertNotEqual([], trails, "No trails defined.")
AssertionError: No trails defined.


        </pre>
    </div>
    <!--css div popup end-->

    </td>
</tr>

<tr id='ft4.7' class='none'>
    <td class='failCase'><div class='testcase'>testMetricFilterAndAlarmExistForLoginWithoutMfa</div></td>
    <td colspan='5' align='center'>

    <!--css div popup start-->
    <a class="popup_link" onfocus='this.blur();' href="javascript:showTestDetail('div_ft4.7')" >
        fail</a>

    <div id='div_ft4.7' class="popup_window">
        <div style='text-align: right; color:red;cursor:pointer'>
        <a onfocus='this.blur();' onclick="document.getElementById('div_ft4.7').style.display = 'none' " >
           [x]</a>
        </div>
        <pre>
        
ft4.7: Traceback (most recent call last):
  File "/Users/chennasbrain/aws-security-test/tests/monitoring/MonitoringAudit.py", line 27, in testMetricFilterAndAlarmExistForLoginWithoutMfa
    self.assertNotEqual([], trails, "No trails defined.")
AssertionError: No trails defined.


        </pre>
    </div>
    <!--css div popup end-->

    </td>
</tr>

<tr id='ft4.8' class='none'>
    <td class='failCase'><div class='testcase'>testMetricFilterAndAlarmExistForConsoleAuthFailure</div></td>
    <td colspan='5' align='center'>

    <!--css div popup start-->
    <a class="popup_link" onfocus='this.blur();' href="javascript:showTestDetail('div_ft4.8')" >
        fail</a>

    <div id='div_ft4.8' class="popup_window">
        <div style='text-align: right; color:red;cursor:pointer'>
        <a onfocus='this.blur();' onclick="document.getElementById('div_ft4.8').style.display = 'none' " >
           [x]</a>
        </div>
        <pre>
        
ft4.8: Traceback (most recent call last):
  File "/Users/chennasbrain/aws-security-test/tests/monitoring/MonitoringAudit.py", line 79, in testMetricFilterAndAlarmExistForConsoleAuthFailure
    self.assertNotEqual([], trails, "No trails defined.")
AssertionError: No trails defined.


        </pre>
    </div>
    <!--css div popup end-->

    </td>
</tr>

<tr id='ft4.9' class='none'>
    <td class='failCase'><div class='testcase'>testMetricFilterAndAlarmExistForNetworkGatewayChanges</div></td>
    <td colspan='5' align='center'>

    <!--css div popup start-->
    <a class="popup_link" onfocus='this.blur();' href="javascript:showTestDetail('div_ft4.9')" >
        fail</a>

    <div id='div_ft4.9' class="popup_window">
        <div style='text-align: right; color:red;cursor:pointer'>
        <a onfocus='this.blur();' onclick="document.getElementById('div_ft4.9').style.display = 'none' " >
           [x]</a>
        </div>
        <pre>
        
ft4.9: Traceback (most recent call last):
  File "/Users/chennasbrain/aws-security-test/tests/monitoring/MonitoringAudit.py", line 131, in testMetricFilterAndAlarmExistForNetworkGatewayChanges
    self.assertNotEqual([], trails, "No trails defined.")
AssertionError: No trails defined.


        </pre>
    </div>
    <!--css div popup end-->

    </td>
</tr>

<tr id='ft4.10' class='none'>
    <td class='failCase'><div class='testcase'>testMetricFilterAndAlarmExistForUnauthorizedApiCalls</div></td>
    <td colspan='5' align='center'>

    <!--css div popup start-->
    <a class="popup_link" onfocus='this.blur();' href="javascript:showTestDetail('div_ft4.10')" >
        fail</a>

    <div id='div_ft4.10' class="popup_window">
        <div style='text-align: right; color:red;cursor:pointer'>
        <a onfocus='this.blur();' onclick="document.getElementById('div_ft4.10').style.display = 'none' " >
           [x]</a>
        </div>
        <pre>
        
ft4.10: Traceback (most recent call last):
  File "/Users/chennasbrain/aws-security-test/tests/monitoring/MonitoringAudit.py", line 14, in testMetricFilterAndAlarmExistForUnauthorizedApiCalls
    self.assertNotEqual([], trails, "No trails defined.")
AssertionError: No trails defined.


        </pre>
    </div>
    <!--css div popup end-->

    </td>
</tr>

<tr id='ft4.11' class='none'>
    <td class='failCase'><div class='testcase'>testMetricFilterAndAlarmExistForRootLogin</div></td>
    <td colspan='5' align='center'>

    <!--css div popup start-->
    <a class="popup_link" onfocus='this.blur();' href="javascript:showTestDetail('div_ft4.11')" >
        fail</a>

    <div id='div_ft4.11' class="popup_window">
        <div style='text-align: right; color:red;cursor:pointer'>
        <a onfocus='this.blur();' onclick="document.getElementById('div_ft4.11').style.display = 'none' " >
           [x]</a>
        </div>
        <pre>
        
ft4.11: Traceback (most recent call last):
  File "/Users/chennasbrain/aws-security-test/tests/monitoring/MonitoringAudit.py", line 40, in testMetricFilterAndAlarmExistForRootLogin
    self.assertNotEqual([], trails, "No trails defined.")
AssertionError: No trails defined.


        </pre>
    </div>
    <!--css div popup end-->

    </td>
</tr>

<tr id='ft4.12' class='none'>
    <td class='failCase'><div class='testcase'>testMetricFilterAndAlarmExistForIamPolicyChanges</div></td>
    <td colspan='5' align='center'>

    <!--css div popup start-->
    <a class="popup_link" onfocus='this.blur();' href="javascript:showTestDetail('div_ft4.12')" >
        fail</a>

    <div id='div_ft4.12' class="popup_window">
        <div style='text-align: right; color:red;cursor:pointer'>
        <a onfocus='this.blur();' onclick="document.getElementById('div_ft4.12').style.display = 'none' " >
           [x]</a>
        </div>
        <pre>
        
ft4.12: Traceback (most recent call last):
  File "/Users/chennasbrain/aws-security-test/tests/monitoring/MonitoringAudit.py", line 53, in testMetricFilterAndAlarmExistForIamPolicyChanges
    self.assertNotEqual([], trails, "No trails defined.")
AssertionError: No trails defined.


        </pre>
    </div>
    <!--css div popup end-->

    </td>
</tr>

<tr id='ft4.13' class='none'>
    <td class='failCase'><div class='testcase'>testMetricFilterAndAlarmExistForCloudtrailConfigChanges</div></td>
    <td colspan='5' align='center'>

    <!--css div popup start-->
    <a class="popup_link" onfocus='this.blur();' href="javascript:showTestDetail('div_ft4.13')" >
        fail</a>

    <div id='div_ft4.13' class="popup_window">
        <div style='text-align: right; color:red;cursor:pointer'>
        <a onfocus='this.blur();' onclick="document.getElementById('div_ft4.13').style.display = 'none' " >
           [x]</a>
        </div>
        <pre>
        
ft4.13: Traceback (most recent call last):
  File "/Users/chennasbrain/aws-security-test/tests/monitoring/MonitoringAudit.py", line 66, in testMetricFilterAndAlarmExistForCloudtrailConfigChanges
    self.assertNotEqual([], trails, "No trails defined.")
AssertionError: No trails defined.


        </pre>
    </div>
    <!--css div popup end-->

    </td>
</tr>

<tr id='total_row'>
    <td>Total</td>
    <td>38</td>
    <td>12</td>
    <td>19</td>
    <td>7</td>
    <td>&nbsp;</td>
</tr>
</table>

<div id='ending'>&nbsp;</div>

</body>
</html>
